<?xml version="1.0" encoding="UTF-8"?>
<coverage generated="1776952002809" clover="3.2.0">
  <project timestamp="1776952002810" name="All files">
    <metrics statements="124" coveredstatements="117" conditionals="68" coveredconditionals="54" methods="16" coveredmethods="16" elements="208" coveredelements="187" complexity="0" loc="124" ncloc="124" packages="7" files="11" classes="11"/>
    <package name="src">
      <metrics statements="4" coveredstatements="4" conditionals="0" coveredconditionals="0" methods="0" coveredmethods="0"/>
      <file name="app.ts" path="D:\Dev\react-express-code-interview\server\src\app.ts">
        <metrics statements="4" coveredstatements="4" conditionals="0" coveredconditionals="0" methods="0" coveredmethods="0"/>
        <line num="1" count="1" type="stmt"/>
        <line num="2" count="1" type="stmt"/>
        <line num="5" count="1" type="stmt"/>
        <line num="7" count="1" type="stmt"/>
      </file>
    </package>
    <package name="src.config">
      <metrics statements="12" coveredstatements="12" conditionals="4" coveredconditionals="2" methods="0" coveredmethods="0"/>
      <file name="express.ts" path="D:\Dev\react-express-code-interview\server\src\config\express.ts">
        <metrics statements="12" coveredstatements="12" conditionals="4" coveredconditionals="2" methods="0" coveredmethods="0"/>
        <line num="1" count="1" type="stmt"/>
        <line num="2" count="1" type="stmt"/>
        <line num="3" count="1" type="stmt"/>
        <line num="4" count="1" type="stmt"/>
        <line num="6" count="1" type="stmt"/>
        <line num="8" count="1" type="stmt"/>
        <line num="10" count="1" type="cond" truecount="1" falsecount="1"/>
        <line num="11" count="1" type="cond" truecount="1" falsecount="1"/>
        <line num="13" count="1" type="stmt"/>
        <line num="14" count="1" type="stmt"/>
        <line num="15" count="1" type="stmt"/>
        <line num="17" count="1" type="stmt"/>
      </file>
    </package>
    <package name="src.data">
      <metrics statements="1" coveredstatements="1" conditionals="0" coveredconditionals="0" methods="0" coveredmethods="0"/>
      <file name="users.ts" path="D:\Dev\react-express-code-interview\server\src\data\users.ts">
        <metrics statements="1" coveredstatements="1" conditionals="0" coveredconditionals="0" methods="0" coveredmethods="0"/>
        <line num="7" count="1" type="stmt"/>
      </file>
    </package>
    <package name="src.routes">
      <metrics statements="22" coveredstatements="20" conditionals="8" coveredconditionals="7" methods="1" coveredmethods="1"/>
      <file name="index.route.ts" path="D:\Dev\react-express-code-interview\server\src\routes\index.route.ts">
        <metrics statements="5" coveredstatements="5" conditionals="0" coveredconditionals="0" methods="0" coveredmethods="0"/>
        <line num="1" count="1" type="stmt"/>
        <line num="2" count="1" type="stmt"/>
        <line num="4" count="1" type="stmt"/>
        <line num="6" count="1" type="stmt"/>
        <line num="8" count="1" type="stmt"/>
      </file>
      <file name="user.route.ts" path="D:\Dev\react-express-code-interview\server\src\routes\user.route.ts">
        <metrics statements="17" coveredstatements="15" conditionals="8" coveredconditionals="7" methods="1" coveredmethods="1"/>
        <line num="1" count="1" type="stmt"/>
        <line num="2" count="1" type="stmt"/>
        <line num="3" count="1" type="stmt"/>
        <line num="4" count="1" type="stmt"/>
        <line num="5" count="1" type="stmt"/>
        <line num="7" count="1" type="stmt"/>
        <line num="9" count="1" type="stmt"/>
        <line num="10" count="8" type="stmt"/>
        <line num="11" count="8" type="stmt"/>
        <line num="13" count="4" type="cond" truecount="2" falsecount="0"/>
        <line num="18" count="4" type="stmt"/>
        <line num="21" count="4" type="cond" truecount="1" falsecount="1"/>
        <line num="22" count="4" type="stmt"/>
        <line num="23" count="4" type="stmt"/>
        <line num="25" count="0" type="stmt"/>
        <line num="26" count="0" type="stmt"/>
        <line num="31" count="1" type="stmt"/>
      </file>
    </package>
    <package name="src.services">
      <metrics statements="18" coveredstatements="18" conditionals="0" coveredconditionals="0" methods="2" coveredmethods="2"/>
      <file name="users.service.ts" path="D:\Dev\react-express-code-interview\server\src\services\users.service.ts">
        <metrics statements="18" coveredstatements="18" conditionals="0" coveredconditionals="0" methods="2" coveredmethods="2"/>
        <line num="1" count="2" type="stmt"/>
        <line num="3" count="2" type="stmt"/>
        <line num="4" count="2" type="stmt"/>
        <line num="5" count="2" type="stmt"/>
        <line num="6" count="2" type="stmt"/>
        <line num="9" count="2" type="stmt"/>
        <line num="10" count="2" type="stmt"/>
        <line num="11" count="2" type="stmt"/>
        <line num="14" count="2" type="stmt"/>
        <line num="17" count="2" type="stmt"/>
        <line num="18" count="18" type="stmt"/>
        <line num="19" count="18" type="stmt"/>
        <line num="20" count="13" type="stmt"/>
        <line num="22" count="11" type="stmt"/>
        <line num="23" count="11" type="stmt"/>
        <line num="25" count="11" type="stmt"/>
        <line num="29" count="10" type="stmt"/>
        <line num="32" count="11" type="stmt"/>
      </file>
    </package>
    <package name="src.shared">
      <metrics statements="55" coveredstatements="50" conditionals="43" coveredconditionals="34" methods="9" coveredmethods="9"/>
      <file name="pagination.ts" path="D:\Dev\react-express-code-interview\server\src\shared\pagination.ts">
        <metrics statements="11" coveredstatements="11" conditionals="2" coveredconditionals="2" methods="2" coveredmethods="2"/>
        <line num="3" count="3" type="stmt"/>
        <line num="4" count="14" type="stmt"/>
        <line num="5" count="14" type="stmt"/>
        <line num="8" count="3" type="stmt"/>
        <line num="14" count="14" type="stmt"/>
        <line num="16" count="14" type="stmt"/>
        <line num="18" count="14" type="cond" truecount="1" falsecount="0"/>
        <line num="19" count="7" type="stmt"/>
        <line num="22" count="14" type="cond" truecount="1" falsecount="0"/>
        <line num="23" count="7" type="stmt"/>
        <line num="26" count="14" type="stmt"/>
      </file>
      <file name="query.ts" path="D:\Dev\react-express-code-interview\server\src\shared\query.ts">
        <metrics statements="19" coveredstatements="17" conditionals="21" coveredconditionals="18" methods="3" coveredmethods="3"/>
        <line num="3" count="4" type="stmt"/>
        <line num="7" count="11" type="stmt"/>
        <line num="8" count="11" type="stmt"/>
        <line num="9" count="11" type="stmt"/>
        <line num="13" count="4" type="cond" truecount="0" falsecount="1"/>
        <line num="14" count="23" type="cond" truecount="4" falsecount="0"/>
        <line num="15" count="20" type="cond" truecount="4" falsecount="0"/>
        <line num="17" count="17" type="cond" truecount="2" falsecount="1"/>
        <line num="18" count="0" type="stmt"/>
        <line num="21" count="17" type="cond" truecount="4" falsecount="0"/>
        <line num="22" count="2" type="stmt"/>
        <line num="25" count="15" type="stmt"/>
        <line num="28" count="4" type="stmt"/>
        <line num="33" count="43" type="cond" truecount="0" falsecount="1"/>
        <line num="34" count="0" type="stmt"/>
        <line num="36" count="43" type="stmt"/>
        <line num="38" count="43" type="cond" truecount="3" falsecount="0"/>
        <line num="39" count="6" type="stmt"/>
        <line num="42" count="37" type="stmt"/>
      </file>
      <file name="sorting.ts" path="D:\Dev\react-express-code-interview\server\src\shared\sorting.ts">
        <metrics statements="25" coveredstatements="22" conditionals="20" coveredconditionals="14" methods="4" coveredmethods="4"/>
        <line num="1" count="3" type="stmt"/>
        <line num="4" count="3" type="stmt"/>
        <line num="8" count="17" type="cond" truecount="3" falsecount="0"/>
        <line num="9" count="7" type="stmt"/>
        <line num="12" count="10" type="stmt"/>
        <line num="13" count="10" type="cond" truecount="2" falsecount="0"/>
        <line num="14" count="10" type="stmt"/>
        <line num="16" count="10" type="cond" truecount="1" falsecount="0"/>
        <line num="17" count="3" type="stmt"/>
        <line num="20" count="7" type="stmt"/>
        <line num="23" count="3" type="stmt"/>
        <line num="29" count="11" type="cond" truecount="1" falsecount="0"/>
        <line num="31" count="5" type="cond" truecount="2" falsecount="0"/>
        <line num="33" count="5" type="stmt"/>
        <line num="34" count="40" type="stmt"/>
        <line num="35" count="40" type="cond" truecount="1" falsecount="0"/>
        <line num="37" count="0" type="cond" truecount="0" falsecount="1"/>
        <line num="38" count="0" type="stmt"/>
        <line num="41" count="0" type="stmt"/>
        <line num="46" count="40" type="cond" truecount="1" falsecount="2"/>
        <line num="47" count="40" type="cond" truecount="0" falsecount="1"/>
        <line num="48" count="40" type="cond" truecount="0" falsecount="1"/>
        <line num="50" count="40" type="cond" truecount="3" falsecount="0"/>
        <line num="51" count="16" type="stmt"/>
        <line num="54" count="24" type="stmt"/>
      </file>
    </package>
    <package name="src.utils">
      <metrics statements="12" coveredstatements="12" conditionals="13" coveredconditionals="11" methods="4" coveredmethods="4"/>
      <file name="buildUri.ts" path="D:\Dev\react-express-code-interview\server\src\utils\buildUri.ts">
        <metrics statements="8" coveredstatements="8" conditionals="1" coveredconditionals="1" methods="1" coveredmethods="1"/>
        <line num="3" count="3" type="stmt"/>
        <line num="9" count="13" type="stmt"/>
        <line num="11" count="13" type="stmt"/>
        <line num="12" count="13" type="stmt"/>
        <line num="14" count="13" type="cond" truecount="1" falsecount="0"/>
        <line num="15" count="4" type="stmt"/>
        <line num="18" count="13" type="stmt"/>
        <line num="20" count="13" type="stmt"/>
      </file>
      <file name="logger.ts" path="D:\Dev\react-express-code-interview\server\src\utils\logger.ts">
        <metrics statements="4" coveredstatements="4" conditionals="12" coveredconditionals="10" methods="3" coveredmethods="3"/>
        <line num="1" count="2" type="stmt"/>
        <line num="3" count="6" type="cond" truecount="4" falsecount="0"/>
        <line num="6" count="1" type="cond" truecount="3" falsecount="1"/>
        <line num="9" count="5" type="cond" truecount="3" falsecount="1"/>
      </file>
    </package>
  </project>
</coverage>
