{"D:\\Dev\\react-express-code-interview\\server\\src\\app.ts": {"path":"D:\\Dev\\react-express-code-interview\\server\\src\\app.ts","statementMap":{"0":{"start":{"line":1,"column":0},"end":{"line":1,"column":35}},"1":{"start":{"line":2,"column":0},"end":{"line":2,"column":42}},"2":{"start":{"line":5,"column":0},"end":{"line":5,"column":24}},"3":{"start":{"line":7,"column":0},"end":{"line":7,"column":19}}},"fnMap":{},"branchMap":{},"s":{"0":1,"1":1,"2":1,"3":1},"f":{},"b":{}}
,"D:\\Dev\\react-express-code-interview\\server\\src\\config\\express.ts": {"path":"D:\\Dev\\react-express-code-interview\\server\\src\\config\\express.ts","statementMap":{"0":{"start":{"line":1,"column":0},"end":{"line":1,"column":30}},"1":{"start":{"line":2,"column":0},"end":{"line":2,"column":37}},"2":{"start":{"line":3,"column":0},"end":{"line":3,"column":24}},"3":{"start":{"line":4,"column":0},"end":{"line":4,"column":28}},"4":{"start":{"line":6,"column":12},"end":{"line":6,"column":21}},"5":{"start":{"line":8,"column":0},"end":{"line":8,"column":27}},"6":{"start":{"line":10,"column":0},"end":{"line":10,"column":47}},"7":{"start":{"line":11,"column":0},"end":{"line":11,"column":54}},"8":{"start":{"line":13,"column":0},"end":{"line":13,"column":16}},"9":{"start":{"line":14,"column":0},"end":{"line":14,"column":24}},"10":{"start":{"line":15,"column":0},"end":{"line":15,"column":27}},"11":{"start":{"line":17,"column":0},"end":{"line":17,"column":19}}},"fnMap":{},"branchMap":{"0":{"loc":{"start":{"line":10,"column":17},"end":{"line":10,"column":45}},"type":"binary-expr","locations":[{"start":{"line":10,"column":17},"end":{"line":10,"column":37}},{"start":{"line":10,"column":41},"end":{"line":10,"column":45}}]},"1":{"loc":{"start":{"line":11,"column":17},"end":{"line":11,"column":52}},"type":"binary-expr","locations":[{"start":{"line":11,"column":17},"end":{"line":11,"column":37}},{"start":{"line":11,"column":41},"end":{"line":11,"column":52}}]}},"s":{"0":1,"1":1,"2":1,"3":1,"4":1,"5":1,"6":1,"7":1,"8":1,"9":1,"10":1,"11":1},"f":{},"b":{"0":[1,0],"1":[1,0]}}
,"D:\\Dev\\react-express-code-interview\\server\\src\\data\\users.ts": {"path":"D:\\Dev\\react-express-code-interview\\server\\src\\data\\users.ts","statementMap":{"0":{"start":{"line":7,"column":13},"end":{"line":24,"column":2}}},"fnMap":{},"branchMap":{},"s":{"0":1},"f":{},"b":{}}
,"D:\\Dev\\react-express-code-interview\\server\\src\\middleware\\rateLimit.ts": {"path":"D:\\Dev\\react-express-code-interview\\server\\src\\middleware\\rateLimit.ts","statementMap":{"0":{"start":{"line":3,"column":0},"end":{"line":3,"column":16}},"1":{"start":{"line":1,"column":0},"end":{"line":1,"column":43}},"2":{"start":{"line":4,"column":2},"end":{"line":12,"column":5}},"3":{"start":{"line":15,"column":25},"end":{"line":15,"column":49}},"4":{"start":{"line":17,"column":0},"end":{"line":17,"column":32}}},"fnMap":{"0":{"name":"createUsersRateLimiter","decl":{"start":{"line":3,"column":16},"end":{"line":3,"column":38}},"loc":{"start":{"line":3,"column":75},"end":{"line":13,"column":1}}}},"branchMap":{"0":{"loc":{"start":{"line":3,"column":39},"end":{"line":3,"column":48}},"type":"default-arg","locations":[{"start":{"line":3,"column":45},"end":{"line":3,"column":48}}]},"1":{"loc":{"start":{"line":3,"column":50},"end":{"line":3,"column":75}},"type":"default-arg","locations":[{"start":{"line":3,"column":61},"end":{"line":3,"column":75}}]}},"s":{"0":2,"1":2,"2":3,"3":2,"4":2},"f":{"0":3},"b":{"0":[2],"1":[2]}}
,"D:\\Dev\\react-express-code-interview\\server\\src\\routes\\index.route.ts": {"path":"D:\\Dev\\react-express-code-interview\\server\\src\\routes\\index.route.ts","statementMap":{"0":{"start":{"line":1,"column":0},"end":{"line":1,"column":30}},"1":{"start":{"line":2,"column":0},"end":{"line":2,"column":38}},"2":{"start":{"line":4,"column":15},"end":{"line":4,"column":31}},"3":{"start":{"line":6,"column":0},"end":{"line":6,"column":33}},"4":{"start":{"line":8,"column":0},"end":{"line":8,"column":22}}},"fnMap":{},"branchMap":{},"s":{"0":1,"1":1,"2":1,"3":1,"4":1},"f":{},"b":{}}
,"D:\\Dev\\react-express-code-interview\\server\\src\\routes\\user.route.ts": {"path":"D:\\Dev\\react-express-code-interview\\server\\src\\routes\\user.route.ts","statementMap":{"0":{"start":{"line":1,"column":0},"end":{"line":1,"column":53}},"1":{"start":{"line":2,"column":0},"end":{"line":2,"column":38}},"2":{"start":{"line":3,"column":0},"end":{"line":3,"column":41}},"3":{"start":{"line":4,"column":0},"end":{"line":4,"column":55}},"4":{"start":{"line":5,"column":0},"end":{"line":5,"column":53}},"5":{"start":{"line":6,"column":0},"end":{"line":6,"column":55}},"6":{"start":{"line":8,"column":15},"end":{"line":8,"column":31}},"7":{"start":{"line":10,"column":0},"end":{"line":29,"column":3}},"8":{"start":{"line":11,"column":2},"end":{"line":28,"column":3}},"9":{"start":{"line":12,"column":19},"end":{"line":12,"column":39}},"10":{"start":{"line":14,"column":4},"end":{"line":17,"column":7}},"11":{"start":{"line":19,"column":4},"end":{"line":19,"column":40}},"12":{"start":{"line":21,"column":4},"end":{"line":27,"column":5}},"13":{"start":{"line":22,"column":6},"end":{"line":22,"column":57}},"14":{"start":{"line":23,"column":6},"end":{"line":23,"column":60}},"15":{"start":{"line":25,"column":6},"end":{"line":25,"column":59}},"16":{"start":{"line":26,"column":6},"end":{"line":26,"column":70}},"17":{"start":{"line":31,"column":0},"end":{"line":31,"column":22}}},"fnMap":{"0":{"name":"(anonymous_1)","decl":{"start":{"line":10,"column":34},"end":{"line":10,"column":35}},"loc":{"start":{"line":10,"column":66},"end":{"line":29,"column":1}}}},"branchMap":{"0":{"loc":{"start":{"line":14,"column":89},"end":{"line":14,"column":113}},"type":"binary-expr","locations":[{"start":{"line":14,"column":89},"end":{"line":14,"column":103}},{"start":{"line":14,"column":107},"end":{"line":14,"column":113}}]},"1":{"loc":{"start":{"line":15,"column":12},"end":{"line":15,"column":34}},"type":"cond-expr","locations":[{"start":{"line":15,"column":26},"end":{"line":15,"column":30}},{"start":{"line":15,"column":30},"end":{"line":15,"column":34}}]},"2":{"loc":{"start":{"line":15,"column":12},"end":{"line":15,"column":30}},"type":"binary-expr","locations":[{"start":{"line":15,"column":12},"end":{"line":15,"column":30}},{"start":{"line":15,"column":26},"end":{"line":15,"column":30}}]},"3":{"loc":{"start":{"line":21,"column":4},"end":{"line":27,"column":5}},"type":"if","locations":[{"start":{"line":21,"column":4},"end":{"line":27,"column":5}},{"start":{"line":24,"column":11},"end":{"line":27,"column":5}}]}},"s":{"0":1,"1":1,"2":1,"3":1,"4":1,"5":1,"6":1,"7":1,"8":8,"9":8,"10":4,"11":4,"12":4,"13":4,"14":4,"15":0,"16":0,"17":1},"f":{"0":8},"b":{"0":[4,2],"1":[2,2],"2":[4,4],"3":[4,0]}}
,"D:\\Dev\\react-express-code-interview\\server\\src\\services\\users.service.ts": {"path":"D:\\Dev\\react-express-code-interview\\server\\src\\services\\users.service.ts","statementMap":{"0":{"start":{"line":17,"column":0},"end":{"line":17,"column":16}},"1":{"start":{"line":1,"column":0},"end":{"line":1,"column":50}},"2":{"start":{"line":3,"column":0},"end":{"line":3,"column":51}},"3":{"start":{"line":4,"column":0},"end":{"line":4,"column":51}},"4":{"start":{"line":5,"column":0},"end":{"line":5,"column":71}},"5":{"start":{"line":6,"column":0},"end":{"line":6,"column":45}},"6":{"start":{"line":9,"column":13},"end":{"line":9,"column":30}},"7":{"start":{"line":10,"column":13},"end":{"line":10,"column":36}},"8":{"start":{"line":11,"column":13},"end":{"line":11,"column":33}},"9":{"start":{"line":14,"column":25},"end":{"line":14,"column":48}},"10":{"start":{"line":18,"column":16},"end":{"line":18,"column":52}},"11":{"start":{"line":19,"column":25},"end":{"line":19,"column":62}},"12":{"start":{"line":20,"column":31},"end":{"line":20,"column":90}},"13":{"start":{"line":22,"column":17},"end":{"line":22,"column":62}},"14":{"start":{"line":23,"column":16},"end":{"line":23,"column":54}},"15":{"start":{"line":25,"column":17},"end":{"line":30,"column":4}},"16":{"start":{"line":29,"column":46},"end":{"line":29,"column":121}},"17":{"start":{"line":32,"column":2},"end":{"line":35,"column":4}}},"fnMap":{"0":{"name":"getUsers","decl":{"start":{"line":17,"column":16},"end":{"line":17,"column":24}},"loc":{"start":{"line":17,"column":52},"end":{"line":36,"column":1}}},"1":{"name":"(anonymous_2)","decl":{"start":{"line":29,"column":18},"end":{"line":29,"column":19}},"loc":{"start":{"line":29,"column":46},"end":{"line":29,"column":121}}}},"branchMap":{},"s":{"0":2,"1":2,"2":2,"3":2,"4":2,"5":2,"6":2,"7":2,"8":2,"9":2,"10":18,"11":18,"12":13,"13":11,"14":11,"15":11,"16":10,"17":11},"f":{"0":18,"1":10},"b":{}}
,"D:\\Dev\\react-express-code-interview\\server\\src\\shared\\pagination.ts": {"path":"D:\\Dev\\react-express-code-interview\\server\\src\\shared\\pagination.ts","statementMap":{"0":{"start":{"line":3,"column":0},"end":{"line":3,"column":16}},"1":{"start":{"line":8,"column":0},"end":{"line":8,"column":16}},"2":{"start":{"line":4,"column":16},"end":{"line":4,"column":33}},"3":{"start":{"line":5,"column":2},"end":{"line":5,"column":42}},"4":{"start":{"line":14,"column":53},"end":{"line":14,"column":59}},"5":{"start":{"line":16,"column":25},"end":{"line":16,"column":41}},"6":{"start":{"line":18,"column":2},"end":{"line":20,"column":3}},"7":{"start":{"line":19,"column":4},"end":{"line":19,"column":51}},"8":{"start":{"line":22,"column":2},"end":{"line":24,"column":3}},"9":{"start":{"line":23,"column":4},"end":{"line":23,"column":47}},"10":{"start":{"line":26,"column":2},"end":{"line":26,"column":16}}},"fnMap":{"0":{"name":"paginateCollection","decl":{"start":{"line":3,"column":16},"end":{"line":3,"column":34}},"loc":{"start":{"line":3,"column":76},"end":{"line":6,"column":1}}},"1":{"name":"buildPaging","decl":{"start":{"line":8,"column":16},"end":{"line":8,"column":27}},"loc":{"start":{"line":13,"column":1},"end":{"line":27,"column":1}}}},"branchMap":{"0":{"loc":{"start":{"line":18,"column":2},"end":{"line":20,"column":3}},"type":"if","locations":[{"start":{"line":18,"column":2},"end":{"line":20,"column":3}}]},"1":{"loc":{"start":{"line":22,"column":2},"end":{"line":24,"column":3}},"type":"if","locations":[{"start":{"line":22,"column":2},"end":{"line":24,"column":3}}]}},"s":{"0":3,"1":3,"2":14,"3":14,"4":14,"5":14,"6":14,"7":7,"8":14,"9":7,"10":14},"f":{"0":14,"1":14},"b":{"0":[7],"1":[7]}}
,"D:\\Dev\\react-express-code-interview\\server\\src\\shared\\query.ts": {"path":"D:\\Dev\\react-express-code-interview\\server\\src\\shared\\query.ts","statementMap":{"0":{"start":{"line":13,"column":0},"end":{"line":13,"column":16}},"1":{"start":{"line":28,"column":0},"end":{"line":28,"column":16}},"2":{"start":{"line":7,"column":4},"end":{"line":7,"column":19}},"3":{"start":{"line":8,"column":4},"end":{"line":8,"column":39}},"4":{"start":{"line":9,"column":4},"end":{"line":9,"column":33}},"5":{"start":{"line":3,"column":0},"end":{"line":3,"column":13}},"6":{"start":{"line":14,"column":15},"end":{"line":14,"column":64}},"7":{"start":{"line":15,"column":15},"end":{"line":15,"column":66}},"8":{"start":{"line":17,"column":2},"end":{"line":19,"column":3}},"9":{"start":{"line":18,"column":4},"end":{"line":18,"column":70}},"10":{"start":{"line":21,"column":2},"end":{"line":23,"column":3}},"11":{"start":{"line":22,"column":4},"end":{"line":22,"column":76}},"12":{"start":{"line":25,"column":2},"end":{"line":25,"column":24}},"13":{"start":{"line":33,"column":2},"end":{"line":35,"column":3}},"14":{"start":{"line":34,"column":4},"end":{"line":34,"column":24}},"15":{"start":{"line":36,"column":17},"end":{"line":36,"column":30}},"16":{"start":{"line":38,"column":2},"end":{"line":40,"column":3}},"17":{"start":{"line":39,"column":4},"end":{"line":39,"column":78}},"18":{"start":{"line":42,"column":2},"end":{"line":42,"column":16}}},"fnMap":{"0":{"name":"(anonymous_0)","decl":{"start":{"line":6,"column":2},"end":{"line":6,"column":14}},"loc":{"start":{"line":6,"column":55},"end":{"line":10,"column":3}}},"1":{"name":"parsePageParams","decl":{"start":{"line":13,"column":16},"end":{"line":13,"column":31}},"loc":{"start":{"line":13,"column":77},"end":{"line":26,"column":1}}},"2":{"name":"parsePositiveInterger","decl":{"start":{"line":28,"column":16},"end":{"line":28,"column":37}},"loc":{"start":{"line":31,"column":28},"end":{"line":43,"column":1}}}},"branchMap":{"0":{"loc":{"start":{"line":6,"column":31},"end":{"line":6,"column":55}},"type":"default-arg","locations":[{"start":{"line":6,"column":52},"end":{"line":6,"column":55}}]},"1":{"loc":{"start":{"line":13,"column":64},"end":{"line":13,"column":77}},"type":"default-arg","locations":[{"start":{"line":13,"column":74},"end":{"line":13,"column":77}}]},"2":{"loc":{"start":{"line":14,"column":37},"end":{"line":14,"column":52}},"type":"cond-expr","locations":[{"start":{"line":14,"column":47},"end":{"line":14,"column":51}},{"start":{"line":14,"column":51},"end":{"line":14,"column":52}}]},"3":{"loc":{"start":{"line":14,"column":37},"end":{"line":14,"column":51}},"type":"binary-expr","locations":[{"start":{"line":14,"column":37},"end":{"line":14,"column":51}},{"start":{"line":14,"column":47},"end":{"line":14,"column":51}}]},"4":{"loc":{"start":{"line":15,"column":37},"end":{"line":15,"column":53}},"type":"cond-expr","locations":[{"start":{"line":15,"column":47},"end":{"line":15,"column":51}},{"start":{"line":15,"column":51},"end":{"line":15,"column":53}}]},"5":{"loc":{"start":{"line":15,"column":37},"end":{"line":15,"column":51}},"type":"binary-expr","locations":[{"start":{"line":15,"column":37},"end":{"line":15,"column":51}},{"start":{"line":15,"column":47},"end":{"line":15,"column":51}}]},"6":{"loc":{"start":{"line":17,"column":2},"end":{"line":19,"column":3}},"type":"if","locations":[{"start":{"line":17,"column":2},"end":{"line":19,"column":3}}]},"7":{"loc":{"start":{"line":17,"column":6},"end":{"line":17,"column":41}},"type":"binary-expr","locations":[{"start":{"line":17,"column":6},"end":{"line":17,"column":29}},{"start":{"line":17,"column":33},"end":{"line":17,"column":41}}]},"8":{"loc":{"start":{"line":21,"column":2},"end":{"line":23,"column":3}},"type":"if","locations":[{"start":{"line":21,"column":2},"end":{"line":23,"column":3}}]},"9":{"loc":{"start":{"line":21,"column":6},"end":{"line":21,"column":59}},"type":"binary-expr","locations":[{"start":{"line":21,"column":6},"end":{"line":21,"column":29}},{"start":{"line":21,"column":33},"end":{"line":21,"column":41}},{"start":{"line":21,"column":45},"end":{"line":21,"column":59}}]},"10":{"loc":{"start":{"line":33,"column":2},"end":{"line":35,"column":3}},"type":"if","locations":[{"start":{"line":33,"column":2},"end":{"line":35,"column":3}}]},"11":{"loc":{"start":{"line":38,"column":2},"end":{"line":40,"column":3}},"type":"if","locations":[{"start":{"line":38,"column":2},"end":{"line":40,"column":3}}]},"12":{"loc":{"start":{"line":38,"column":6},"end":{"line":38,"column":45}},"type":"binary-expr","locations":[{"start":{"line":38,"column":6},"end":{"line":38,"column":31}},{"start":{"line":38,"column":35},"end":{"line":38,"column":45}}]}},"s":{"0":4,"1":4,"2":11,"3":11,"4":11,"5":4,"6":23,"7":20,"8":17,"9":0,"10":17,"11":2,"12":15,"13":43,"14":0,"15":43,"16":43,"17":6,"18":37},"f":{"0":11,"1":23,"2":43},"b":{"0":[11],"1":[0],"2":[17,6],"3":[23,23],"4":[18,2],"5":[20,20],"6":[0],"7":[17,17],"8":[2],"9":[17,17,17],"10":[0],"11":[6],"12":[43,43]}}
,"D:\\Dev\\react-express-code-interview\\server\\src\\shared\\sorting.ts": {"path":"D:\\Dev\\react-express-code-interview\\server\\src\\shared\\sorting.ts","statementMap":{"0":{"start":{"line":4,"column":0},"end":{"line":4,"column":16}},"1":{"start":{"line":23,"column":0},"end":{"line":23,"column":16}},"2":{"start":{"line":1,"column":0},"end":{"line":1,"column":47}},"3":{"start":{"line":8,"column":2},"end":{"line":10,"column":3}},"4":{"start":{"line":9,"column":4},"end":{"line":9,"column":32}},"5":{"start":{"line":12,"column":18},"end":{"line":12,"column":32}},"6":{"start":{"line":13,"column":35},"end":{"line":13,"column":75}},"7":{"start":{"line":14,"column":16},"end":{"line":14,"column":51}},"8":{"start":{"line":16,"column":2},"end":{"line":18,"column":3}},"9":{"start":{"line":17,"column":4},"end":{"line":17,"column":87}},"10":{"start":{"line":20,"column":2},"end":{"line":20,"column":30}},"11":{"start":{"line":29,"column":2},"end":{"line":29,"column":32}},"12":{"start":{"line":29,"column":14},"end":{"line":29,"column":32}},"13":{"start":{"line":31,"column":21},"end":{"line":31,"column":49}},"14":{"start":{"line":33,"column":2},"end":{"line":42,"column":5}},"15":{"start":{"line":34,"column":18},"end":{"line":34,"column":64}},"16":{"start":{"line":35,"column":4},"end":{"line":35,"column":34}},"17":{"start":{"line":35,"column":21},"end":{"line":35,"column":34}},"18":{"start":{"line":37,"column":4},"end":{"line":39,"column":5}},"19":{"start":{"line":38,"column":6},"end":{"line":38,"column":63}},"20":{"start":{"line":41,"column":4},"end":{"line":41,"column":13}},"21":{"start":{"line":46,"column":2},"end":{"line":46,"column":39}},"22":{"start":{"line":46,"column":30},"end":{"line":46,"column":39}},"23":{"start":{"line":47,"column":2},"end":{"line":47,"column":26}},"24":{"start":{"line":47,"column":17},"end":{"line":47,"column":26}},"25":{"start":{"line":48,"column":2},"end":{"line":48,"column":27}},"26":{"start":{"line":48,"column":17},"end":{"line":48,"column":27}},"27":{"start":{"line":50,"column":2},"end":{"line":52,"column":3}},"28":{"start":{"line":51,"column":4},"end":{"line":51,"column":17}},"29":{"start":{"line":54,"column":2},"end":{"line":57,"column":5}}},"fnMap":{"0":{"name":"parseSortParam","decl":{"start":{"line":4,"column":16},"end":{"line":4,"column":30}},"loc":{"start":{"line":6,"column":34},"end":{"line":21,"column":1}}},"1":{"name":"sortCollection","decl":{"start":{"line":23,"column":16},"end":{"line":23,"column":30}},"loc":{"start":{"line":27,"column":19},"end":{"line":43,"column":1}}},"2":{"name":"(anonymous_2)","decl":{"start":{"line":33,"column":25},"end":{"line":33,"column":26}},"loc":{"start":{"line":33,"column":34},"end":{"line":42,"column":3}}},"3":{"name":"compareValues","decl":{"start":{"line":45,"column":9},"end":{"line":45,"column":22}},"loc":{"start":{"line":45,"column":45},"end":{"line":58,"column":1}}}},"branchMap":{"0":{"loc":{"start":{"line":8,"column":2},"end":{"line":10,"column":3}},"type":"if","locations":[{"start":{"line":8,"column":2},"end":{"line":10,"column":3}}]},"1":{"loc":{"start":{"line":8,"column":6},"end":{"line":8,"column":52}},"type":"binary-expr","locations":[{"start":{"line":8,"column":6},"end":{"line":8,"column":33}},{"start":{"line":8,"column":37},"end":{"line":8,"column":52}}]},"2":{"loc":{"start":{"line":13,"column":35},"end":{"line":13,"column":75}},"type":"cond-expr","locations":[{"start":{"line":13,"column":61},"end":{"line":13,"column":67}},{"start":{"line":13,"column":70},"end":{"line":13,"column":75}}]},"3":{"loc":{"start":{"line":16,"column":2},"end":{"line":18,"column":3}},"type":"if","locations":[{"start":{"line":16,"column":2},"end":{"line":18,"column":3}}]},"4":{"loc":{"start":{"line":26,"column":2},"end":{"line":26,"column":34}},"type":"default-arg","locations":[{"start":{"line":26,"column":29},"end":{"line":26,"column":34}}]},"5":{"loc":{"start":{"line":29,"column":2},"end":{"line":29,"column":32}},"type":"if","locations":[{"start":{"line":29,"column":2},"end":{"line":29,"column":32}}]},"6":{"loc":{"start":{"line":31,"column":21},"end":{"line":31,"column":49}},"type":"cond-expr","locations":[{"start":{"line":31,"column":43},"end":{"line":31,"column":44}},{"start":{"line":31,"column":47},"end":{"line":31,"column":49}}]},"7":{"loc":{"start":{"line":35,"column":4},"end":{"line":35,"column":34}},"type":"if","locations":[{"start":{"line":35,"column":4},"end":{"line":35,"column":34}}]},"8":{"loc":{"start":{"line":37,"column":4},"end":{"line":39,"column":5}},"type":"if","locations":[{"start":{"line":37,"column":4},"end":{"line":39,"column":5}}]},"9":{"loc":{"start":{"line":46,"column":2},"end":{"line":46,"column":39}},"type":"if","locations":[{"start":{"line":46,"column":2},"end":{"line":46,"column":39}}]},"10":{"loc":{"start":{"line":46,"column":6},"end":{"line":46,"column":28}},"type":"binary-expr","locations":[{"start":{"line":46,"column":6},"end":{"line":46,"column":15}},{"start":{"line":46,"column":19},"end":{"line":46,"column":28}}]},"11":{"loc":{"start":{"line":47,"column":2},"end":{"line":47,"column":26}},"type":"if","locations":[{"start":{"line":47,"column":2},"end":{"line":47,"column":26}}]},"12":{"loc":{"start":{"line":48,"column":2},"end":{"line":48,"column":27}},"type":"if","locations":[{"start":{"line":48,"column":2},"end":{"line":48,"column":27}}]},"13":{"loc":{"start":{"line":50,"column":2},"end":{"line":52,"column":3}},"type":"if","locations":[{"start":{"line":50,"column":2},"end":{"line":52,"column":3}}]},"14":{"loc":{"start":{"line":50,"column":6},"end":{"line":50,"column":52}},"type":"binary-expr","locations":[{"start":{"line":50,"column":6},"end":{"line":50,"column":27}},{"start":{"line":50,"column":31},"end":{"line":50,"column":52}}]}},"s":{"0":3,"1":3,"2":3,"3":17,"4":7,"5":10,"6":10,"7":10,"8":10,"9":3,"10":7,"11":11,"12":6,"13":5,"14":5,"15":40,"16":40,"17":40,"18":0,"19":0,"20":0,"21":40,"22":0,"23":40,"24":0,"25":40,"26":0,"27":40,"28":16,"29":24},"f":{"0":17,"1":11,"2":40,"3":40},"b":{"0":[7],"1":[17,10],"2":[3,7],"3":[3],"4":[0],"5":[6],"6":[3,2],"7":[40],"8":[0],"9":[0],"10":[40,0],"11":[0],"12":[0],"13":[16],"14":[40,16]}}
,"D:\\Dev\\react-express-code-interview\\server\\src\\utils\\buildUri.ts": {"path":"D:\\Dev\\react-express-code-interview\\server\\src\\utils\\buildUri.ts","statementMap":{"0":{"start":{"line":3,"column":0},"end":{"line":3,"column":24}},"1":{"start":{"line":9,"column":17},"end":{"line":9,"column":38}},"2":{"start":{"line":11,"column":2},"end":{"line":11,"column":35}},"3":{"start":{"line":12,"column":2},"end":{"line":12,"column":35}},"4":{"start":{"line":14,"column":2},"end":{"line":16,"column":3}},"5":{"start":{"line":15,"column":4},"end":{"line":15,"column":29}},"6":{"start":{"line":18,"column":18},"end":{"line":18,"column":70}},"7":{"start":{"line":20,"column":2},"end":{"line":20,"column":43}}},"fnMap":{"0":{"name":"buildPageUri","decl":{"start":{"line":3,"column":24},"end":{"line":3,"column":36}},"loc":{"start":{"line":7,"column":15},"end":{"line":21,"column":1}}}},"branchMap":{"0":{"loc":{"start":{"line":14,"column":2},"end":{"line":16,"column":3}},"type":"if","locations":[{"start":{"line":14,"column":2},"end":{"line":16,"column":3}}]}},"s":{"0":3,"1":13,"2":13,"3":13,"4":13,"5":4,"6":13,"7":13},"f":{"0":13},"b":{"0":[4]}}
,"D:\\Dev\\react-express-code-interview\\server\\src\\utils\\logger.ts": {"path":"D:\\Dev\\react-express-code-interview\\server\\src\\utils\\logger.ts","statementMap":{"0":{"start":{"line":1,"column":13},"end":{"line":11,"column":2}},"1":{"start":{"line":3,"column":4},"end":{"line":3,"column":49}},"2":{"start":{"line":6,"column":4},"end":{"line":6,"column":52}},"3":{"start":{"line":9,"column":4},"end":{"line":9,"column":50}}},"fnMap":{"0":{"name":"(anonymous_0)","decl":{"start":{"line":2,"column":8},"end":{"line":2,"column":9}},"loc":{"start":{"line":2,"column":60},"end":{"line":4,"column":3}}},"1":{"name":"(anonymous_1)","decl":{"start":{"line":5,"column":9},"end":{"line":5,"column":10}},"loc":{"start":{"line":5,"column":61},"end":{"line":7,"column":3}}},"2":{"name":"(anonymous_2)","decl":{"start":{"line":8,"column":8},"end":{"line":8,"column":9}},"loc":{"start":{"line":8,"column":60},"end":{"line":10,"column":3}}}},"branchMap":{"0":{"loc":{"start":{"line":3,"column":37},"end":{"line":3,"column":47}},"type":"cond-expr","locations":[{"start":{"line":3,"column":37},"end":{"line":3,"column":41}},{"start":{"line":3,"column":45},"end":{"line":3,"column":47}}]},"1":{"loc":{"start":{"line":3,"column":37},"end":{"line":3,"column":45}},"type":"binary-expr","locations":[{"start":{"line":3,"column":37},"end":{"line":3,"column":45}},{"start":{"line":3,"column":37},"end":{"line":3,"column":45}}]},"2":{"loc":{"start":{"line":6,"column":40},"end":{"line":6,"column":50}},"type":"cond-expr","locations":[{"start":{"line":6,"column":40},"end":{"line":6,"column":44}},{"start":{"line":6,"column":48},"end":{"line":6,"column":50}}]},"3":{"loc":{"start":{"line":6,"column":40},"end":{"line":6,"column":48}},"type":"binary-expr","locations":[{"start":{"line":6,"column":40},"end":{"line":6,"column":48}},{"start":{"line":6,"column":40},"end":{"line":6,"column":48}}]},"4":{"loc":{"start":{"line":9,"column":38},"end":{"line":9,"column":48}},"type":"cond-expr","locations":[{"start":{"line":9,"column":38},"end":{"line":9,"column":42}},{"start":{"line":9,"column":46},"end":{"line":9,"column":48}}]},"5":{"loc":{"start":{"line":9,"column":38},"end":{"line":9,"column":46}},"type":"binary-expr","locations":[{"start":{"line":9,"column":38},"end":{"line":9,"column":46}},{"start":{"line":9,"column":38},"end":{"line":9,"column":46}}]}},"s":{"0":2,"1":6,"2":1,"3":5},"f":{"0":6,"1":1,"2":5},"b":{"0":[5,1],"1":[6,6],"2":[1,0],"3":[1,1],"4":[5,0],"5":[5,5]}}
}
