TN:
SF:src\app.ts
FNF:0
FNH:0
DA:1,1
DA:2,1
DA:5,1
DA:7,1
LF:4
LH:4
BRF:0
BRH:0
end_of_record
TN:
SF:src\config\express.ts
FNF:0
FNH:0
DA:1,1
DA:2,1
DA:3,1
DA:4,1
DA:6,1
DA:8,1
DA:10,1
DA:11,1
DA:13,1
DA:14,1
DA:15,1
DA:17,1
LF:12
LH:12
BRDA:10,0,0,1
BRDA:10,0,1,0
BRDA:11,1,0,1
BRDA:11,1,1,0
BRF:4
BRH:2
end_of_record
TN:
SF:src\data\users.ts
FNF:0
FNH:0
DA:7,1
LF:1
LH:1
BRF:0
BRH:0
end_of_record
TN:
SF:src\middleware\rateLimit.ts
FN:3,createUsersRateLimiter
FNF:1
FNH:1
FNDA:3,createUsersRateLimiter
DA:1,2
DA:3,2
DA:4,3
DA:15,2
DA:17,2
LF:5
LH:5
BRDA:3,0,0,2
BRDA:3,1,0,2
BRF:2
BRH:2
end_of_record
TN:
SF:src\routes\index.route.ts
FNF:0
FNH:0
DA:1,1
DA:2,1
DA:4,1
DA:6,1
DA:8,1
LF:5
LH:5
BRF:0
BRH:0
end_of_record
TN:
SF:src\routes\user.route.ts
FN:10,(anonymous_1)
FNF:1
FNH:1
FNDA:8,(anonymous_1)
DA:1,1
DA:2,1
DA:3,1
DA:4,1
DA:5,1
DA:6,1
DA:8,1
DA:10,1
DA:11,8
DA:12,8
DA:14,4
DA:19,4
DA:21,4
DA:22,4
DA:23,4
DA:25,0
DA:26,0
DA:31,1
LF:18
LH:16
BRDA:14,0,0,4
BRDA:14,0,1,2
BRDA:15,1,0,2
BRDA:15,1,1,2
BRDA:15,2,0,4
BRDA:15,2,1,4
BRDA:21,3,0,4
BRDA:21,3,1,0
BRF:8
BRH:7
end_of_record
TN:
SF:src\services\users.service.ts
FN:17,getUsers
FN:29,(anonymous_2)
FNF:2
FNH:2
FNDA:18,getUsers
FNDA:10,(anonymous_2)
DA:1,2
DA:3,2
DA:4,2
DA:5,2
DA:6,2
DA:9,2
DA:10,2
DA:11,2
DA:14,2
DA:17,2
DA:18,18
DA:19,18
DA:20,13
DA:22,11
DA:23,11
DA:25,11
DA:29,10
DA:32,11
LF:18
LH:18
BRF:0
BRH:0
end_of_record
TN:
SF:src\shared\pagination.ts
FN:3,paginateCollection
FN:8,buildPaging
FNF:2
FNH:2
FNDA:14,paginateCollection
FNDA:14,buildPaging
DA:3,3
DA:4,14
DA:5,14
DA:8,3
DA:14,14
DA:16,14
DA:18,14
DA:19,7
DA:22,14
DA:23,7
DA:26,14
LF:11
LH:11
BRDA:18,0,0,7
BRDA:22,1,0,7
BRF:2
BRH:2
end_of_record
TN:
SF:src\shared\query.ts
FN:6,(anonymous_0)
FN:13,parsePageParams
FN:28,parsePositiveInterger
FNF:3
FNH:3
FNDA:11,(anonymous_0)
FNDA:23,parsePageParams
FNDA:43,parsePositiveInterger
DA:3,4
DA:7,11
DA:8,11
DA:9,11
DA:13,4
DA:14,23
DA:15,20
DA:17,17
DA:18,0
DA:21,17
DA:22,2
DA:25,15
DA:28,4
DA:33,43
DA:34,0
DA:36,43
DA:38,43
DA:39,6
DA:42,37
LF:19
LH:17
BRDA:6,0,0,11
BRDA:13,1,0,0
BRDA:14,2,0,17
BRDA:14,2,1,6
BRDA:14,3,0,23
BRDA:14,3,1,23
BRDA:15,4,0,18
BRDA:15,4,1,2
BRDA:15,5,0,20
BRDA:15,5,1,20
BRDA:17,6,0,0
BRDA:17,7,0,17
BRDA:17,7,1,17
BRDA:21,8,0,2
BRDA:21,9,0,17
BRDA:21,9,1,17
BRDA:21,9,2,17
BRDA:33,10,0,0
BRDA:38,11,0,6
BRDA:38,12,0,43
BRDA:38,12,1,43
BRF:21
BRH:18
end_of_record
TN:
SF:src\shared\sorting.ts
FN:4,parseSortParam
FN:23,sortCollection
FN:33,(anonymous_2)
FN:45,compareValues
FNF:4
FNH:4
FNDA:17,parseSortParam
FNDA:11,sortCollection
FNDA:40,(anonymous_2)
FNDA:40,compareValues
DA:1,3
DA:4,3
DA:8,17
DA:9,7
DA:12,10
DA:13,10
DA:14,10
DA:16,10
DA:17,3
DA:20,7
DA:23,3
DA:29,11
DA:31,5
DA:33,5
DA:34,40
DA:35,40
DA:37,0
DA:38,0
DA:41,0
DA:46,40
DA:47,40
DA:48,40
DA:50,40
DA:51,16
DA:54,24
LF:25
LH:22
BRDA:8,0,0,7
BRDA:8,1,0,17
BRDA:8,1,1,10
BRDA:13,2,0,3
BRDA:13,2,1,7
BRDA:16,3,0,3
BRDA:26,4,0,0
BRDA:29,5,0,6
BRDA:31,6,0,3
BRDA:31,6,1,2
BRDA:35,7,0,40
BRDA:37,8,0,0
BRDA:46,9,0,0
BRDA:46,10,0,40
BRDA:46,10,1,0
BRDA:47,11,0,0
BRDA:48,12,0,0
BRDA:50,13,0,16
BRDA:50,14,0,40
BRDA:50,14,1,16
BRF:20
BRH:14
end_of_record
TN:
SF:src\utils\buildUri.ts
FN:3,buildPageUri
FNF:1
FNH:1
FNDA:13,buildPageUri
DA:3,3
DA:9,13
DA:11,13
DA:12,13
DA:14,13
DA:15,4
DA:18,13
DA:20,13
LF:8
LH:8
BRDA:14,0,0,4
BRF:1
BRH:1
end_of_record
TN:
SF:src\utils\logger.ts
FN:2,(anonymous_0)
FN:5,(anonymous_1)
FN:8,(anonymous_2)
FNF:3
FNH:3
FNDA:6,(anonymous_0)
FNDA:1,(anonymous_1)
FNDA:5,(anonymous_2)
DA:1,2
DA:3,6
DA:6,1
DA:9,5
LF:4
LH:4
BRDA:3,0,0,5
BRDA:3,0,1,1
BRDA:3,1,0,6
BRDA:3,1,1,6
BRDA:6,2,0,1
BRDA:6,2,1,0
BRDA:6,3,0,1
BRDA:6,3,1,1
BRDA:9,4,0,5
BRDA:9,4,1,0
BRDA:9,5,0,5
BRDA:9,5,1,5
BRF:12
BRH:10
end_of_record
